

Started GET "/" for 127.0.0.1 at 2013-07-31 11:57:25 +0545
Processing by Rails::WelcomeController#index as HTML
  Rendered /home/sauhardad/.rbenv/versions/1.9.3-p194/lib/ruby/gems/1.9.1/gems/railties-4.0.0/lib/rails/templates/rails/welcome/index.html.erb (3.0ms)
Completed 200 OK in 76ms (Views: 47.8ms | ActiveRecord: 0.0ms)


Started GET "/rails/info/properties" for 127.0.0.1 at 2013-07-31 11:57:49 +0545
Processing by Rails::InfoController#properties as */*
  Rendered /home/sauhardad/.rbenv/versions/1.9.3-p194/lib/ruby/gems/1.9.1/gems/railties-4.0.0/lib/rails/templates/rails/info/properties.html.erb (0.5ms)
Completed 200 OK in 41ms (Views: 13.3ms | ActiveRecord: 0.9ms)


Started GET "/" for 127.0.0.1 at 2013-07-31 12:19:24 +0545
Processing by Rails::WelcomeController#index as HTML
  Rendered /home/sauhardad/.rbenv/versions/1.9.3-p194/lib/ruby/gems/1.9.1/gems/railties-4.0.0/lib/rails/templates/rails/welcome/index.html.erb (2.9ms)
Completed 200 OK in 68ms (Views: 33.9ms | ActiveRecord: 0.0ms)


Started GET "/" for 127.0.0.1 at 2013-08-01 10:13:13 +0545
Processing by Rails::WelcomeController#index as HTML
  Rendered /home/sauhardad/.rbenv/versions/1.9.3-p194/lib/ruby/gems/1.9.1/gems/railties-4.0.0/lib/rails/templates/rails/welcome/index.html.erb (6.8ms)
Completed 200 OK in 141ms (Views: 112.3ms | ActiveRecord: 0.0ms)
  [1m[36m (221.9ms)[0m  [1mCREATE TABLE `schema_migrations` (`version` varchar(255) NOT NULL) ENGINE=InnoDB[0m
  [1m[35m (200.5ms)[0m  CREATE UNIQUE INDEX `unique_schema_migrations` ON `schema_migrations` (`version`) 
  [1m[36mActiveRecord::SchemaMigration Load (0.5ms)[0m  [1mSELECT `schema_migrations`.* FROM `schema_migrations`[0m
Migrating to CreatePosts (20130801044341)
  [1m[35m (91.4ms)[0m  CREATE TABLE `posts` (`id` int(11) DEFAULT NULL auto_increment PRIMARY KEY, `title` varchar(255), `content` text, `created_at` datetime, `updated_at` datetime) ENGINE=InnoDB
  [1m[36m (0.3ms)[0m  [1mBEGIN[0m
  [1m[35mSQL (18.6ms)[0m  INSERT INTO `schema_migrations` (`version`) VALUES ('20130801044341')
  [1m[36m (44.3ms)[0m  [1mCOMMIT[0m
  [1m[35mActiveRecord::SchemaMigration Load (1.0ms)[0m  SELECT `schema_migrations`.* FROM `schema_migrations`


Started GET "/" for 127.0.0.1 at 2013-08-01 10:43:48 +0545
Processing by Rails::WelcomeController#index as HTML
  Rendered /home/sauhardad/.rbenv/versions/1.9.3-p194/lib/ruby/gems/1.9.1/gems/railties-4.0.0/lib/rails/templates/rails/welcome/index.html.erb (0.1ms)
Completed 200 OK in 90ms (Views: 89.6ms | ActiveRecord: 0.0ms)


Started GET "/users/index" for 127.0.0.1 at 2013-08-01 10:43:55 +0545
Processing by UsersController#index as HTML
  Rendered users/index.html.erb within layouts/application (0.7ms)
Completed 200 OK in 1360ms (Views: 1359.0ms | ActiveRecord: 0.0ms)


Started GET "/assets/application.css?body=1" for 127.0.0.1 at 2013-08-01 10:43:56 +0545


Started GET "/assets/scaffolds.css?body=1" for 127.0.0.1 at 2013-08-01 10:43:56 +0545


Started GET "/assets/jquery.js?body=1" for 127.0.0.1 at 2013-08-01 10:43:56 +0545


Started GET "/assets/jquery_ujs.js?body=1" for 127.0.0.1 at 2013-08-01 10:43:56 +0545


Started GET "/assets/application.js?body=1" for 127.0.0.1 at 2013-08-01 10:43:56 +0545


Started GET "/assets/users.css?body=1" for 127.0.0.1 at 2013-08-01 10:43:56 +0545


Started GET "/assets/users.js?body=1" for 127.0.0.1 at 2013-08-01 10:43:56 +0545


Started GET "/assets/turbolinks.js?body=1" for 127.0.0.1 at 2013-08-01 10:43:56 +0545


Started GET "/users/" for 127.0.0.1 at 2013-08-01 11:07:58 +0545
  [1m[36mActiveRecord::SchemaMigration Load (0.3ms)[0m  [1mSELECT `schema_migrations`.* FROM `schema_migrations`[0m

ActiveRecord::PendingMigrationError (Migrations are pending; run 'rake db:migrate RAILS_ENV=development' to resolve this issue.):
  activerecord (4.0.0) lib/active_record/migration.rb:379:in `check_pending!'
  activerecord (4.0.0) lib/active_record/migration.rb:366:in `call'
  actionpack (4.0.0) lib/action_dispatch/middleware/callbacks.rb:29:in `block in call'
  activesupport (4.0.0) lib/active_support/callbacks.rb:373:in `_run__559388512__call__callbacks'
  activesupport (4.0.0) lib/active_support/callbacks.rb:80:in `run_callbacks'
  actionpack (4.0.0) lib/action_dispatch/middleware/callbacks.rb:27:in `call'
  actionpack (4.0.0) lib/action_dispatch/middleware/reloader.rb:64:in `call'
  actionpack (4.0.0) lib/action_dispatch/middleware/remote_ip.rb:76:in `call'
  actionpack (4.0.0) lib/action_dispatch/middleware/debug_exceptions.rb:17:in `call'
  actionpack (4.0.0) lib/action_dispatch/middleware/show_exceptions.rb:30:in `call'
  railties (4.0.0) lib/rails/rack/logger.rb:38:in `call_app'
  railties (4.0.0) lib/rails/rack/logger.rb:21:in `block in call'
  activesupport (4.0.0) lib/active_support/tagged_logging.rb:67:in `block in tagged'
  activesupport (4.0.0) lib/active_support/tagged_logging.rb:25:in `tagged'
  activesupport (4.0.0) lib/active_support/tagged_logging.rb:67:in `tagged'
  railties (4.0.0) lib/rails/rack/logger.rb:21:in `call'
  actionpack (4.0.0) lib/action_dispatch/middleware/request_id.rb:21:in `call'
  rack (1.5.2) lib/rack/methodoverride.rb:21:in `call'
  rack (1.5.2) lib/rack/runtime.rb:17:in `call'
  activesupport (4.0.0) lib/active_support/cache/strategy/local_cache.rb:83:in `call'
  rack (1.5.2) lib/rack/lock.rb:17:in `call'
  actionpack (4.0.0) lib/action_dispatch/middleware/static.rb:64:in `call'
  railties (4.0.0) lib/rails/engine.rb:511:in `call'
  railties (4.0.0) lib/rails/application.rb:97:in `call'
  rack (1.5.2) lib/rack/lock.rb:17:in `call'
  rack (1.5.2) lib/rack/content_length.rb:14:in `call'
  rack (1.5.2) lib/rack/handler/webrick.rb:60:in `service'
  /home/sauhardad/.rbenv/versions/1.9.3-p194/lib/ruby/1.9.1/webrick/httpserver.rb:138:in `service'
  /home/sauhardad/.rbenv/versions/1.9.3-p194/lib/ruby/1.9.1/webrick/httpserver.rb:94:in `run'
  /home/sauhardad/.rbenv/versions/1.9.3-p194/lib/ruby/1.9.1/webrick/server.rb:191:in `block in start_thread'


  Rendered /home/sauhardad/.rbenv/versions/1.9.3-p194/lib/ruby/gems/1.9.1/gems/actionpack-4.0.0/lib/action_dispatch/middleware/templates/rescues/_source.erb (1.8ms)
  Rendered /home/sauhardad/.rbenv/versions/1.9.3-p194/lib/ruby/gems/1.9.1/gems/actionpack-4.0.0/lib/action_dispatch/middleware/templates/rescues/_trace.erb (3.3ms)
  Rendered /home/sauhardad/.rbenv/versions/1.9.3-p194/lib/ruby/gems/1.9.1/gems/actionpack-4.0.0/lib/action_dispatch/middleware/templates/rescues/_request_and_response.erb (2.1ms)
  Rendered /home/sauhardad/.rbenv/versions/1.9.3-p194/lib/ruby/gems/1.9.1/gems/actionpack-4.0.0/lib/action_dispatch/middleware/templates/rescues/diagnostics.erb within rescues/layout (49.5ms)


Started GET "/" for 127.0.0.1 at 2013-08-01 11:08:02 +0545
  [1m[35mActiveRecord::SchemaMigration Load (0.1ms)[0m  SELECT `schema_migrations`.* FROM `schema_migrations`

ActiveRecord::PendingMigrationError (Migrations are pending; run 'rake db:migrate RAILS_ENV=development' to resolve this issue.):
  activerecord (4.0.0) lib/active_record/migration.rb:379:in `check_pending!'
  activerecord (4.0.0) lib/active_record/migration.rb:366:in `call'
  actionpack (4.0.0) lib/action_dispatch/middleware/callbacks.rb:29:in `block in call'
  activesupport (4.0.0) lib/active_support/callbacks.rb:373:in `_run__559388512__call__callbacks'
  activesupport (4.0.0) lib/active_support/callbacks.rb:80:in `run_callbacks'
  actionpack (4.0.0) lib/action_dispatch/middleware/callbacks.rb:27:in `call'
  actionpack (4.0.0) lib/action_dispatch/middleware/reloader.rb:64:in `call'
  actionpack (4.0.0) lib/action_dispatch/middleware/remote_ip.rb:76:in `call'
  actionpack (4.0.0) lib/action_dispatch/middleware/debug_exceptions.rb:17:in `call'
  actionpack (4.0.0) lib/action_dispatch/middleware/show_exceptions.rb:30:in `call'
  railties (4.0.0) lib/rails/rack/logger.rb:38:in `call_app'
  railties (4.0.0) lib/rails/rack/logger.rb:21:in `block in call'
  activesupport (4.0.0) lib/active_support/tagged_logging.rb:67:in `block in tagged'
  activesupport (4.0.0) lib/active_support/tagged_logging.rb:25:in `tagged'
  activesupport (4.0.0) lib/active_support/tagged_logging.rb:67:in `tagged'
  railties (4.0.0) lib/rails/rack/logger.rb:21:in `call'
  actionpack (4.0.0) lib/action_dispatch/middleware/request_id.rb:21:in `call'
  rack (1.5.2) lib/rack/methodoverride.rb:21:in `call'
  rack (1.5.2) lib/rack/runtime.rb:17:in `call'
  activesupport (4.0.0) lib/active_support/cache/strategy/local_cache.rb:83:in `call'
  rack (1.5.2) lib/rack/lock.rb:17:in `call'
  actionpack (4.0.0) lib/action_dispatch/middleware/static.rb:64:in `call'
  railties (4.0.0) lib/rails/engine.rb:511:in `call'
  railties (4.0.0) lib/rails/application.rb:97:in `call'
  rack (1.5.2) lib/rack/lock.rb:17:in `call'
  rack (1.5.2) lib/rack/content_length.rb:14:in `call'
  rack (1.5.2) lib/rack/handler/webrick.rb:60:in `service'
  /home/sauhardad/.rbenv/versions/1.9.3-p194/lib/ruby/1.9.1/webrick/httpserver.rb:138:in `service'
  /home/sauhardad/.rbenv/versions/1.9.3-p194/lib/ruby/1.9.1/webrick/httpserver.rb:94:in `run'
  /home/sauhardad/.rbenv/versions/1.9.3-p194/lib/ruby/1.9.1/webrick/server.rb:191:in `block in start_thread'


  Rendered /home/sauhardad/.rbenv/versions/1.9.3-p194/lib/ruby/gems/1.9.1/gems/actionpack-4.0.0/lib/action_dispatch/middleware/templates/rescues/_source.erb (0.8ms)
  Rendered /home/sauhardad/.rbenv/versions/1.9.3-p194/lib/ruby/gems/1.9.1/gems/actionpack-4.0.0/lib/action_dispatch/middleware/templates/rescues/_trace.erb (1.4ms)
  Rendered /home/sauhardad/.rbenv/versions/1.9.3-p194/lib/ruby/gems/1.9.1/gems/actionpack-4.0.0/lib/action_dispatch/middleware/templates/rescues/_request_and_response.erb (1.1ms)
  Rendered /home/sauhardad/.rbenv/versions/1.9.3-p194/lib/ruby/gems/1.9.1/gems/actionpack-4.0.0/lib/action_dispatch/middleware/templates/rescues/diagnostics.erb within rescues/layout (23.0ms)
  [1m[36mActiveRecord::SchemaMigration Load (0.2ms)[0m  [1mSELECT `schema_migrations`.* FROM `schema_migrations`[0m
Migrating to CreateAlbums (20130801052234)
  [1m[35m (90.1ms)[0m  CREATE TABLE `albums` (`id` int(11) DEFAULT NULL auto_increment PRIMARY KEY, `title` varchar(255), `created_at` datetime, `updated_at` datetime) ENGINE=InnoDB
  [1m[36m (0.2ms)[0m  [1mBEGIN[0m
  [1m[35mSQL (17.1ms)[0m  INSERT INTO `schema_migrations` (`version`) VALUES ('20130801052234')
  [1m[36m (23.7ms)[0m  [1mCOMMIT[0m
  [1m[35mActiveRecord::SchemaMigration Load (0.5ms)[0m  SELECT `schema_migrations`.* FROM `schema_migrations`


Started GET "/" for 127.0.0.1 at 2013-08-01 11:08:28 +0545
  [1m[36mActiveRecord::SchemaMigration Load (0.2ms)[0m  [1mSELECT `schema_migrations`.* FROM `schema_migrations`[0m
Processing by Rails::WelcomeController#index as HTML
  Rendered /home/sauhardad/.rbenv/versions/1.9.3-p194/lib/ruby/gems/1.9.1/gems/railties-4.0.0/lib/rails/templates/rails/welcome/index.html.erb (0.2ms)
Completed 200 OK in 24ms (Views: 4.5ms | ActiveRecord: 0.0ms)


Started GET "/album" for 127.0.0.1 at 2013-08-01 11:08:33 +0545

ActionController::RoutingError (No route matches [GET] "/album"):
  actionpack (4.0.0) lib/action_dispatch/middleware/debug_exceptions.rb:21:in `call'
  actionpack (4.0.0) lib/action_dispatch/middleware/show_exceptions.rb:30:in `call'
  railties (4.0.0) lib/rails/rack/logger.rb:38:in `call_app'
  railties (4.0.0) lib/rails/rack/logger.rb:21:in `block in call'
  activesupport (4.0.0) lib/active_support/tagged_logging.rb:67:in `block in tagged'
  activesupport (4.0.0) lib/active_support/tagged_logging.rb:25:in `tagged'
  activesupport (4.0.0) lib/active_support/tagged_logging.rb:67:in `tagged'
  railties (4.0.0) lib/rails/rack/logger.rb:21:in `call'
  actionpack (4.0.0) lib/action_dispatch/middleware/request_id.rb:21:in `call'
  rack (1.5.2) lib/rack/methodoverride.rb:21:in `call'
  rack (1.5.2) lib/rack/runtime.rb:17:in `call'
  activesupport (4.0.0) lib/active_support/cache/strategy/local_cache.rb:83:in `call'
  rack (1.5.2) lib/rack/lock.rb:17:in `call'
  actionpack (4.0.0) lib/action_dispatch/middleware/static.rb:64:in `call'
  railties (4.0.0) lib/rails/engine.rb:511:in `call'
  railties (4.0.0) lib/rails/application.rb:97:in `call'
  rack (1.5.2) lib/rack/lock.rb:17:in `call'
  rack (1.5.2) lib/rack/content_length.rb:14:in `call'
  rack (1.5.2) lib/rack/handler/webrick.rb:60:in `service'
  /home/sauhardad/.rbenv/versions/1.9.3-p194/lib/ruby/1.9.1/webrick/httpserver.rb:138:in `service'
  /home/sauhardad/.rbenv/versions/1.9.3-p194/lib/ruby/1.9.1/webrick/httpserver.rb:94:in `run'
  /home/sauhardad/.rbenv/versions/1.9.3-p194/lib/ruby/1.9.1/webrick/server.rb:191:in `block in start_thread'


  Rendered /home/sauhardad/.rbenv/versions/1.9.3-p194/lib/ruby/gems/1.9.1/gems/actionpack-4.0.0/lib/action_dispatch/middleware/templates/rescues/_trace.erb (1.3ms)
  Rendered /home/sauhardad/.rbenv/versions/1.9.3-p194/lib/ruby/gems/1.9.1/gems/actionpack-4.0.0/lib/action_dispatch/middleware/templates/routes/_route.html.erb (3.0ms)
  Rendered /home/sauhardad/.rbenv/versions/1.9.3-p194/lib/ruby/gems/1.9.1/gems/actionpack-4.0.0/lib/action_dispatch/middleware/templates/routes/_table.html.erb (42.5ms)
  Rendered /home/sauhardad/.rbenv/versions/1.9.3-p194/lib/ruby/gems/1.9.1/gems/actionpack-4.0.0/lib/action_dispatch/middleware/templates/rescues/routing_error.erb within rescues/layout (278.2ms)


Started GET "/album/index" for 127.0.0.1 at 2013-08-01 11:08:39 +0545

ActionController::RoutingError (No route matches [GET] "/album/index"):
  actionpack (4.0.0) lib/action_dispatch/middleware/debug_exceptions.rb:21:in `call'
  actionpack (4.0.0) lib/action_dispatch/middleware/show_exceptions.rb:30:in `call'
  railties (4.0.0) lib/rails/rack/logger.rb:38:in `call_app'
  railties (4.0.0) lib/rails/rack/logger.rb:21:in `block in call'
  activesupport (4.0.0) lib/active_support/tagged_logging.rb:67:in `block in tagged'
  activesupport (4.0.0) lib/active_support/tagged_logging.rb:25:in `tagged'
  activesupport (4.0.0) lib/active_support/tagged_logging.rb:67:in `tagged'
  railties (4.0.0) lib/rails/rack/logger.rb:21:in `call'
  actionpack (4.0.0) lib/action_dispatch/middleware/request_id.rb:21:in `call'
  rack (1.5.2) lib/rack/methodoverride.rb:21:in `call'
  rack (1.5.2) lib/rack/runtime.rb:17:in `call'
  activesupport (4.0.0) lib/active_support/cache/strategy/local_cache.rb:83:in `call'
  rack (1.5.2) lib/rack/lock.rb:17:in `call'
  actionpack (4.0.0) lib/action_dispatch/middleware/static.rb:64:in `call'
  railties (4.0.0) lib/rails/engine.rb:511:in `call'
  railties (4.0.0) lib/rails/application.rb:97:in `call'
  rack (1.5.2) lib/rack/lock.rb:17:in `call'
  rack (1.5.2) lib/rack/content_length.rb:14:in `call'
  rack (1.5.2) lib/rack/handler/webrick.rb:60:in `service'
  /home/sauhardad/.rbenv/versions/1.9.3-p194/lib/ruby/1.9.1/webrick/httpserver.rb:138:in `service'
  /home/sauhardad/.rbenv/versions/1.9.3-p194/lib/ruby/1.9.1/webrick/httpserver.rb:94:in `run'
  /home/sauhardad/.rbenv/versions/1.9.3-p194/lib/ruby/1.9.1/webrick/server.rb:191:in `block in start_thread'


  Rendered /home/sauhardad/.rbenv/versions/1.9.3-p194/lib/ruby/gems/1.9.1/gems/actionpack-4.0.0/lib/action_dispatch/middleware/templates/rescues/_trace.erb (1.2ms)
  Rendered /home/sauhardad/.rbenv/versions/1.9.3-p194/lib/ruby/gems/1.9.1/gems/actionpack-4.0.0/lib/action_dispatch/middleware/templates/routes/_route.html.erb (1.5ms)
  Rendered /home/sauhardad/.rbenv/versions/1.9.3-p194/lib/ruby/gems/1.9.1/gems/actionpack-4.0.0/lib/action_dispatch/middleware/templates/routes/_table.html.erb (1.6ms)
  Rendered /home/sauhardad/.rbenv/versions/1.9.3-p194/lib/ruby/gems/1.9.1/gems/actionpack-4.0.0/lib/action_dispatch/middleware/templates/rescues/routing_error.erb within rescues/layout (26.4ms)


Started GET "/albums/index" for 127.0.0.1 at 2013-08-01 11:08:51 +0545
Processing by AlbumsController#show as HTML
  Parameters: {"id"=>"index"}
  [1m[35mAlbum Load (81.7ms)[0m  SELECT `albums`.* FROM `albums` WHERE `albums`.`id` = 0 LIMIT 1
Completed 404 Not Found in 90ms

ActiveRecord::RecordNotFound (Couldn't find Album with id=index):
  app/controllers/albums_controller.rb:67:in `set_album'


  Rendered /home/sauhardad/.rbenv/versions/1.9.3-p194/lib/ruby/gems/1.9.1/gems/actionpack-4.0.0/lib/action_dispatch/middleware/templates/rescues/_source.erb (0.8ms)
  Rendered /home/sauhardad/.rbenv/versions/1.9.3-p194/lib/ruby/gems/1.9.1/gems/actionpack-4.0.0/lib/action_dispatch/middleware/templates/rescues/_trace.erb (1.3ms)
  Rendered /home/sauhardad/.rbenv/versions/1.9.3-p194/lib/ruby/gems/1.9.1/gems/actionpack-4.0.0/lib/action_dispatch/middleware/templates/rescues/_request_and_response.erb (1.1ms)
  Rendered /home/sauhardad/.rbenv/versions/1.9.3-p194/lib/ruby/gems/1.9.1/gems/actionpack-4.0.0/lib/action_dispatch/middleware/templates/rescues/diagnostics.erb within rescues/layout (20.1ms)
  [1m[36mActiveRecord::SchemaMigration Load (0.4ms)[0m  [1mSELECT `schema_migrations`.* FROM `schema_migrations`[0m
  [1m[35mActiveRecord::SchemaMigration Load (0.2ms)[0m  SELECT `schema_migrations`.* FROM `schema_migrations`


Started GET "/album" for 127.0.0.1 at 2013-08-01 11:09:51 +0545

ActionController::RoutingError (No route matches [GET] "/album"):
  actionpack (4.0.0) lib/action_dispatch/middleware/debug_exceptions.rb:21:in `call'
  actionpack (4.0.0) lib/action_dispatch/middleware/show_exceptions.rb:30:in `call'
  railties (4.0.0) lib/rails/rack/logger.rb:38:in `call_app'
  railties (4.0.0) lib/rails/rack/logger.rb:21:in `block in call'
  activesupport (4.0.0) lib/active_support/tagged_logging.rb:67:in `block in tagged'
  activesupport (4.0.0) lib/active_support/tagged_logging.rb:25:in `tagged'
  activesupport (4.0.0) lib/active_support/tagged_logging.rb:67:in `tagged'
  railties (4.0.0) lib/rails/rack/logger.rb:21:in `call'
  actionpack (4.0.0) lib/action_dispatch/middleware/request_id.rb:21:in `call'
  rack (1.5.2) lib/rack/methodoverride.rb:21:in `call'
  rack (1.5.2) lib/rack/runtime.rb:17:in `call'
  activesupport (4.0.0) lib/active_support/cache/strategy/local_cache.rb:83:in `call'
  rack (1.5.2) lib/rack/lock.rb:17:in `call'
  actionpack (4.0.0) lib/action_dispatch/middleware/static.rb:64:in `call'
  railties (4.0.0) lib/rails/engine.rb:511:in `call'
  railties (4.0.0) lib/rails/application.rb:97:in `call'
  rack (1.5.2) lib/rack/lock.rb:17:in `call'
  rack (1.5.2) lib/rack/content_length.rb:14:in `call'
  rack (1.5.2) lib/rack/handler/webrick.rb:60:in `service'
  /home/sauhardad/.rbenv/versions/1.9.3-p194/lib/ruby/1.9.1/webrick/httpserver.rb:138:in `service'
  /home/sauhardad/.rbenv/versions/1.9.3-p194/lib/ruby/1.9.1/webrick/httpserver.rb:94:in `run'
  /home/sauhardad/.rbenv/versions/1.9.3-p194/lib/ruby/1.9.1/webrick/server.rb:191:in `block in start_thread'


  Rendered /home/sauhardad/.rbenv/versions/1.9.3-p194/lib/ruby/gems/1.9.1/gems/actionpack-4.0.0/lib/action_dispatch/middleware/templates/rescues/_trace.erb (1.3ms)
  Rendered /home/sauhardad/.rbenv/versions/1.9.3-p194/lib/ruby/gems/1.9.1/gems/actionpack-4.0.0/lib/action_dispatch/middleware/templates/routes/_route.html.erb (1.4ms)
  Rendered /home/sauhardad/.rbenv/versions/1.9.3-p194/lib/ruby/gems/1.9.1/gems/actionpack-4.0.0/lib/action_dispatch/middleware/templates/routes/_table.html.erb (1.4ms)
  Rendered /home/sauhardad/.rbenv/versions/1.9.3-p194/lib/ruby/gems/1.9.1/gems/actionpack-4.0.0/lib/action_dispatch/middleware/templates/rescues/routing_error.erb within rescues/layout (25.8ms)


Started GET "/album/new" for 127.0.0.1 at 2013-08-01 11:10:06 +0545

ActionController::RoutingError (No route matches [GET] "/album/new"):
  actionpack (4.0.0) lib/action_dispatch/middleware/debug_exceptions.rb:21:in `call'
  actionpack (4.0.0) lib/action_dispatch/middleware/show_exceptions.rb:30:in `call'
  railties (4.0.0) lib/rails/rack/logger.rb:38:in `call_app'
  railties (4.0.0) lib/rails/rack/logger.rb:21:in `block in call'
  activesupport (4.0.0) lib/active_support/tagged_logging.rb:67:in `block in tagged'
  activesupport (4.0.0) lib/active_support/tagged_logging.rb:25:in `tagged'
  activesupport (4.0.0) lib/active_support/tagged_logging.rb:67:in `tagged'
  railties (4.0.0) lib/rails/rack/logger.rb:21:in `call'
  actionpack (4.0.0) lib/action_dispatch/middleware/request_id.rb:21:in `call'
  rack (1.5.2) lib/rack/methodoverride.rb:21:in `call'
  rack (1.5.2) lib/rack/runtime.rb:17:in `call'
  activesupport (4.0.0) lib/active_support/cache/strategy/local_cache.rb:83:in `call'
  rack (1.5.2) lib/rack/lock.rb:17:in `call'
  actionpack (4.0.0) lib/action_dispatch/middleware/static.rb:64:in `call'
  railties (4.0.0) lib/rails/engine.rb:511:in `call'
  railties (4.0.0) lib/rails/application.rb:97:in `call'
  rack (1.5.2) lib/rack/lock.rb:17:in `call'
  rack (1.5.2) lib/rack/content_length.rb:14:in `call'
  rack (1.5.2) lib/rack/handler/webrick.rb:60:in `service'
  /home/sauhardad/.rbenv/versions/1.9.3-p194/lib/ruby/1.9.1/webrick/httpserver.rb:138:in `service'
  /home/sauhardad/.rbenv/versions/1.9.3-p194/lib/ruby/1.9.1/webrick/httpserver.rb:94:in `run'
  /home/sauhardad/.rbenv/versions/1.9.3-p194/lib/ruby/1.9.1/webrick/server.rb:191:in `block in start_thread'


  Rendered /home/sauhardad/.rbenv/versions/1.9.3-p194/lib/ruby/gems/1.9.1/gems/actionpack-4.0.0/lib/action_dispatch/middleware/templates/rescues/_trace.erb (1.5ms)
  Rendered /home/sauhardad/.rbenv/versions/1.9.3-p194/lib/ruby/gems/1.9.1/gems/actionpack-4.0.0/lib/action_dispatch/middleware/templates/routes/_route.html.erb (1.4ms)
  Rendered /home/sauhardad/.rbenv/versions/1.9.3-p194/lib/ruby/gems/1.9.1/gems/actionpack-4.0.0/lib/action_dispatch/middleware/templates/routes/_table.html.erb (1.4ms)
  Rendered /home/sauhardad/.rbenv/versions/1.9.3-p194/lib/ruby/gems/1.9.1/gems/actionpack-4.0.0/lib/action_dispatch/middleware/templates/rescues/routing_error.erb within rescues/layout (27.6ms)


Started GET "/albums/new" for 127.0.0.1 at 2013-08-01 11:10:31 +0545
Processing by AlbumsController#new as HTML
  Rendered albums/_form.html.erb (75.5ms)
  Rendered albums/new.html.erb within layouts/application (77.7ms)
Completed 200 OK in 371ms (Views: 365.3ms | ActiveRecord: 1.3ms)


Started GET "/assets/albums.css?body=1" for 127.0.0.1 at 2013-08-01 11:10:32 +0545


Started GET "/assets/albums.js?body=1" for 127.0.0.1 at 2013-08-01 11:10:32 +0545


Started GET "/assets/scaffolds.css?body=1" for 127.0.0.1 at 2013-08-01 11:10:32 +0545


Started GET "/assets/users.css?body=1" for 127.0.0.1 at 2013-08-01 11:10:32 +0545


Started GET "/assets/jquery.js?body=1" for 127.0.0.1 at 2013-08-01 11:10:32 +0545


Started GET "/assets/jquery_ujs.js?body=1" for 127.0.0.1 at 2013-08-01 11:10:32 +0545


Started GET "/assets/users.js?body=1" for 127.0.0.1 at 2013-08-01 11:10:32 +0545


Started GET "/assets/application.js?body=1" for 127.0.0.1 at 2013-08-01 11:10:32 +0545


Started GET "/assets/turbolinks.js?body=1" for 127.0.0.1 at 2013-08-01 11:10:32 +0545


Started GET "/albums/inhdex" for 127.0.0.1 at 2013-08-01 11:10:41 +0545
Processing by AlbumsController#show as HTML
  Parameters: {"id"=>"inhdex"}
  [1m[36mAlbum Load (0.2ms)[0m  [1mSELECT `albums`.* FROM `albums` WHERE `albums`.`id` = 0 LIMIT 1[0m
Completed 404 Not Found in 2ms

ActiveRecord::RecordNotFound (Couldn't find Album with id=inhdex):
  app/controllers/albums_controller.rb:67:in `set_album'


  Rendered /home/sauhardad/.rbenv/versions/1.9.3-p194/lib/ruby/gems/1.9.1/gems/actionpack-4.0.0/lib/action_dispatch/middleware/templates/rescues/_source.erb (1.2ms)
  Rendered /home/sauhardad/.rbenv/versions/1.9.3-p194/lib/ruby/gems/1.9.1/gems/actionpack-4.0.0/lib/action_dispatch/middleware/templates/rescues/_trace.erb (1.4ms)
  Rendered /home/sauhardad/.rbenv/versions/1.9.3-p194/lib/ruby/gems/1.9.1/gems/actionpack-4.0.0/lib/action_dispatch/middleware/templates/rescues/_request_and_response.erb (1.2ms)
  Rendered /home/sauhardad/.rbenv/versions/1.9.3-p194/lib/ruby/gems/1.9.1/gems/actionpack-4.0.0/lib/action_dispatch/middleware/templates/rescues/diagnostics.erb within rescues/layout (21.4ms)


Started GET "/albums/index" for 127.0.0.1 at 2013-08-01 11:10:44 +0545
Processing by AlbumsController#show as HTML
  Parameters: {"id"=>"index"}
  [1m[35mAlbum Load (0.2ms)[0m  SELECT `albums`.* FROM `albums` WHERE `albums`.`id` = 0 LIMIT 1
Completed 404 Not Found in 4ms

ActiveRecord::RecordNotFound (Couldn't find Album with id=index):
  app/controllers/albums_controller.rb:67:in `set_album'


  Rendered /home/sauhardad/.rbenv/versions/1.9.3-p194/lib/ruby/gems/1.9.1/gems/actionpack-4.0.0/lib/action_dispatch/middleware/templates/rescues/_source.erb (0.7ms)
  Rendered /home/sauhardad/.rbenv/versions/1.9.3-p194/lib/ruby/gems/1.9.1/gems/actionpack-4.0.0/lib/action_dispatch/middleware/templates/rescues/_trace.erb (1.6ms)
  Rendered /home/sauhardad/.rbenv/versions/1.9.3-p194/lib/ruby/gems/1.9.1/gems/actionpack-4.0.0/lib/action_dispatch/middleware/templates/rescues/_request_and_response.erb (1.2ms)
  Rendered /home/sauhardad/.rbenv/versions/1.9.3-p194/lib/ruby/gems/1.9.1/gems/actionpack-4.0.0/lib/action_dispatch/middleware/templates/rescues/diagnostics.erb within rescues/layout (21.0ms)


Started GET "/albums/index" for 127.0.0.1 at 2013-08-01 11:10:46 +0545
Processing by AlbumsController#show as HTML
  Parameters: {"id"=>"index"}
  [1m[36mAlbum Load (0.2ms)[0m  [1mSELECT `albums`.* FROM `albums` WHERE `albums`.`id` = 0 LIMIT 1[0m
Completed 404 Not Found in 2ms

ActiveRecord::RecordNotFound (Couldn't find Album with id=index):
  app/controllers/albums_controller.rb:67:in `set_album'


  Rendered /home/sauhardad/.rbenv/versions/1.9.3-p194/lib/ruby/gems/1.9.1/gems/actionpack-4.0.0/lib/action_dispatch/middleware/templates/rescues/_source.erb (1.0ms)
  Rendered /home/sauhardad/.rbenv/versions/1.9.3-p194/lib/ruby/gems/1.9.1/gems/actionpack-4.0.0/lib/action_dispatch/middleware/templates/rescues/_trace.erb (1.3ms)
  Rendered /home/sauhardad/.rbenv/versions/1.9.3-p194/lib/ruby/gems/1.9.1/gems/actionpack-4.0.0/lib/action_dispatch/middleware/templates/rescues/_request_and_response.erb (1.3ms)
  Rendered /home/sauhardad/.rbenv/versions/1.9.3-p194/lib/ruby/gems/1.9.1/gems/actionpack-4.0.0/lib/action_dispatch/middleware/templates/rescues/diagnostics.erb within rescues/layout (21.3ms)


Started GET "/albums/" for 127.0.0.1 at 2013-08-01 11:10:49 +0545
Processing by AlbumsController#index as HTML
  [1m[35mAlbum Load (0.5ms)[0m  SELECT `albums`.* FROM `albums`
  Rendered albums/index.html.erb within layouts/application (3.0ms)
Completed 200 OK in 10ms (Views: 8.6ms | ActiveRecord: 0.5ms)


Started GET "/assets/scaffolds.css?body=1" for 127.0.0.1 at 2013-08-01 11:10:49 +0545


Started GET "/assets/jquery_ujs.js?body=1" for 127.0.0.1 at 2013-08-01 11:10:49 +0545


Started GET "/assets/users.css?body=1" for 127.0.0.1 at 2013-08-01 11:10:49 +0545


Started GET "/assets/turbolinks.js?body=1" for 127.0.0.1 at 2013-08-01 11:10:49 +0545


Started GET "/assets/jquery.js?body=1" for 127.0.0.1 at 2013-08-01 11:10:49 +0545


Started GET "/assets/users.js?body=1" for 127.0.0.1 at 2013-08-01 11:10:49 +0545


Started GET "/assets/application.js?body=1" for 127.0.0.1 at 2013-08-01 11:10:49 +0545


Started GET "/albums/new" for 127.0.0.1 at 2013-08-01 11:10:53 +0545
Processing by AlbumsController#new as HTML
  Rendered albums/_form.html.erb (4.0ms)
  Rendered albums/new.html.erb within layouts/application (6.6ms)
Completed 200 OK in 14ms (Views: 12.7ms | ActiveRecord: 0.0ms)


Started POST "/albums" for 127.0.0.1 at 2013-08-01 11:11:00 +0545
Processing by AlbumsController#create as HTML
  Parameters: {"utf8"=>"✓", "authenticity_token"=>"cdwujsTrUxIV5MVoL9zN8UfQ5dkvoN0m+zXMZ6mCc00=", "album"=>{"title"=>"Leapfrog"}, "commit"=>"Create Album"}
  [1m[36m (0.2ms)[0m  [1mBEGIN[0m
  [1m[35mSQL (41.9ms)[0m  INSERT INTO `albums` (`created_at`, `title`, `updated_at`) VALUES ('2013-08-01 05:26:00', 'Leapfrog', '2013-08-01 05:26:00')
  [1m[36m (46.4ms)[0m  [1mCOMMIT[0m
Redirected to http://localhost:3000/albums/1
Completed 302 Found in 181ms (ActiveRecord: 88.5ms)


Started GET "/albums/1" for 127.0.0.1 at 2013-08-01 11:11:01 +0545
Processing by AlbumsController#show as HTML
  Parameters: {"id"=>"1"}
  [1m[35mAlbum Load (0.6ms)[0m  SELECT `albums`.* FROM `albums` WHERE `albums`.`id` = 1 LIMIT 1
  Rendered albums/show.html.erb within layouts/application (2.2ms)
Completed 200 OK in 14ms (Views: 9.9ms | ActiveRecord: 0.6ms)


Started GET "/assets/albums.css?body=1" for 127.0.0.1 at 2013-08-01 11:11:01 +0545


Started GET "/assets/users.css?body=1" for 127.0.0.1 at 2013-08-01 11:11:01 +0545


Started GET "/assets/jquery.js?body=1" for 127.0.0.1 at 2013-08-01 11:11:01 +0545


Started GET "/assets/scaffolds.css?body=1" for 127.0.0.1 at 2013-08-01 11:11:01 +0545


Started GET "/assets/albums.js?body=1" for 127.0.0.1 at 2013-08-01 11:11:01 +0545


Started GET "/assets/jquery_ujs.js?body=1" for 127.0.0.1 at 2013-08-01 11:11:01 +0545


Started GET "/assets/turbolinks.js?body=1" for 127.0.0.1 at 2013-08-01 11:11:01 +0545


Started GET "/assets/users.js?body=1" for 127.0.0.1 at 2013-08-01 11:11:01 +0545


Started GET "/assets/application.js?body=1" for 127.0.0.1 at 2013-08-01 11:11:01 +0545


Started GET "/albums/1/edit" for 127.0.0.1 at 2013-08-01 11:11:04 +0545
Processing by AlbumsController#edit as HTML
  Parameters: {"id"=>"1"}
  [1m[36mAlbum Load (0.3ms)[0m  [1mSELECT `albums`.* FROM `albums` WHERE `albums`.`id` = 1 LIMIT 1[0m
  Rendered albums/_form.html.erb (3.2ms)
  Rendered albums/edit.html.erb within layouts/application (5.8ms)
Completed 200 OK in 15ms (Views: 11.2ms | ActiveRecord: 0.3ms)


Started PATCH "/albums/1" for 127.0.0.1 at 2013-08-01 11:11:10 +0545
Processing by AlbumsController#update as HTML
  Parameters: {"utf8"=>"✓", "authenticity_token"=>"cdwujsTrUxIV5MVoL9zN8UfQ5dkvoN0m+zXMZ6mCc00=", "album"=>{"title"=>"Leapfrog new office"}, "commit"=>"Update Album", "id"=>"1"}
  [1m[35mAlbum Load (0.3ms)[0m  SELECT `albums`.* FROM `albums` WHERE `albums`.`id` = 1 LIMIT 1
  [1m[36m (0.3ms)[0m  [1mBEGIN[0m
  [1m[35mSQL (132.9ms)[0m  UPDATE `albums` SET `title` = 'Leapfrog new office', `updated_at` = '2013-08-01 05:26:10' WHERE `albums`.`id` = 1
  [1m[36m (51.0ms)[0m  [1mCOMMIT[0m
Redirected to http://localhost:3000/albums/1
Completed 302 Found in 193ms (ActiveRecord: 184.5ms)


Started GET "/albums/1" for 127.0.0.1 at 2013-08-01 11:11:10 +0545
Processing by AlbumsController#show as HTML
  Parameters: {"id"=>"1"}
  [1m[35mAlbum Load (0.4ms)[0m  SELECT `albums`.* FROM `albums` WHERE `albums`.`id` = 1 LIMIT 1
  Rendered albums/show.html.erb within layouts/application (0.5ms)
Completed 200 OK in 6ms (Views: 4.3ms | ActiveRecord: 0.4ms)


Started GET "/assets/albums.css?body=1" for 127.0.0.1 at 2013-08-01 11:11:11 +0545


Started GET "/assets/scaffolds.css?body=1" for 127.0.0.1 at 2013-08-01 11:11:11 +0545


Started GET "/assets/jquery.js?body=1" for 127.0.0.1 at 2013-08-01 11:11:11 +0545


Started GET "/assets/users.css?body=1" for 127.0.0.1 at 2013-08-01 11:11:11 +0545


Started GET "/assets/turbolinks.js?body=1" for 127.0.0.1 at 2013-08-01 11:11:11 +0545


Started GET "/assets/albums.js?body=1" for 127.0.0.1 at 2013-08-01 11:11:11 +0545


Started GET "/assets/jquery_ujs.js?body=1" for 127.0.0.1 at 2013-08-01 11:11:11 +0545


Started GET "/assets/users.js?body=1" for 127.0.0.1 at 2013-08-01 11:11:11 +0545


Started GET "/assets/application.js?body=1" for 127.0.0.1 at 2013-08-01 11:11:11 +0545


Started GET "/albums/1/edit" for 127.0.0.1 at 2013-08-01 11:28:06 +0545
Processing by AlbumsController#edit as HTML
  Parameters: {"id"=>"1"}
  [1m[36mAlbum Load (0.2ms)[0m  [1mSELECT `albums`.* FROM `albums` WHERE `albums`.`id` = 1 LIMIT 1[0m
  Rendered albums/_form.html.erb (3.2ms)
  Rendered albums/edit.html.erb within layouts/application (4.9ms)
Completed 200 OK in 12ms (Views: 9.6ms | ActiveRecord: 0.2ms)


Started PATCH "/albums/1" for 127.0.0.1 at 2013-08-01 11:28:08 +0545
Processing by AlbumsController#update as HTML
  Parameters: {"utf8"=>"✓", "authenticity_token"=>"cdwujsTrUxIV5MVoL9zN8UfQ5dkvoN0m+zXMZ6mCc00=", "album"=>{"title"=>"Leapfrog new office"}, "commit"=>"Update Album", "id"=>"1"}
  [1m[35mAlbum Load (0.3ms)[0m  SELECT `albums`.* FROM `albums` WHERE `albums`.`id` = 1 LIMIT 1
  [1m[36m (0.1ms)[0m  [1mBEGIN[0m
  [1m[35m (0.1ms)[0m  COMMIT
Redirected to http://localhost:3000/albums/1
Completed 302 Found in 5ms (ActiveRecord: 0.5ms)


Started GET "/albums/1" for 127.0.0.1 at 2013-08-01 11:28:08 +0545
Processing by AlbumsController#show as HTML
  Parameters: {"id"=>"1"}
  [1m[36mAlbum Load (0.3ms)[0m  [1mSELECT `albums`.* FROM `albums` WHERE `albums`.`id` = 1 LIMIT 1[0m
  Rendered albums/show.html.erb within layouts/application (0.5ms)
Completed 200 OK in 8ms (Views: 5.5ms | ActiveRecord: 0.3ms)


Started GET "/assets/albums.css?body=1" for 127.0.0.1 at 2013-08-01 11:28:08 +0545


Started GET "/assets/jquery.js?body=1" for 127.0.0.1 at 2013-08-01 11:28:08 +0545


Started GET "/assets/scaffolds.css?body=1" for 127.0.0.1 at 2013-08-01 11:28:08 +0545


Started GET "/assets/turbolinks.js?body=1" for 127.0.0.1 at 2013-08-01 11:28:08 +0545


Started GET "/assets/jquery_ujs.js?body=1" for 127.0.0.1 at 2013-08-01 11:28:08 +0545


Started GET "/assets/users.css?body=1" for 127.0.0.1 at 2013-08-01 11:28:08 +0545


Started GET "/assets/albums.js?body=1" for 127.0.0.1 at 2013-08-01 11:28:08 +0545


Started GET "/assets/users.js?body=1" for 127.0.0.1 at 2013-08-01 11:28:08 +0545


Started GET "/assets/application.js?body=1" for 127.0.0.1 at 2013-08-01 11:28:08 +0545


Started GET "/albums" for 127.0.0.1 at 2013-08-01 11:28:10 +0545
Processing by AlbumsController#index as HTML
  [1m[35mAlbum Load (0.8ms)[0m  SELECT `albums`.* FROM `albums`
  Rendered albums/index.html.erb within layouts/application (5.2ms)
Completed 200 OK in 14ms (Views: 11.9ms | ActiveRecord: 0.8ms)


Started GET "/albums/1" for 127.0.0.1 at 2013-08-01 11:28:13 +0545
Processing by AlbumsController#show as HTML
  Parameters: {"id"=>"1"}
  [1m[36mAlbum Load (0.2ms)[0m  [1mSELECT `albums`.* FROM `albums` WHERE `albums`.`id` = 1 LIMIT 1[0m
  Rendered albums/show.html.erb within layouts/application (1.3ms)
Completed 200 OK in 28ms (Views: 26.1ms | ActiveRecord: 0.2ms)


Started GET "/albums" for 127.0.0.1 at 2013-08-01 11:28:16 +0545
Processing by AlbumsController#index as HTML
  [1m[35mAlbum Load (0.3ms)[0m  SELECT `albums`.* FROM `albums`
  Rendered albums/index.html.erb within layouts/application (2.3ms)
Completed 200 OK in 9ms (Views: 7.9ms | ActiveRecord: 0.3ms)


Started GET "/albums/1/edit" for 127.0.0.1 at 2013-08-01 11:28:18 +0545
Processing by AlbumsController#edit as HTML
  Parameters: {"id"=>"1"}
  [1m[36mAlbum Load (0.3ms)[0m  [1mSELECT `albums`.* FROM `albums` WHERE `albums`.`id` = 1 LIMIT 1[0m
  Rendered albums/_form.html.erb (2.5ms)
  Rendered albums/edit.html.erb within layouts/application (3.6ms)
Completed 200 OK in 10ms (Views: 7.6ms | ActiveRecord: 0.3ms)


Started PATCH "/albums/1" for 127.0.0.1 at 2013-08-01 11:28:20 +0545
Processing by AlbumsController#update as HTML
  Parameters: {"utf8"=>"✓", "authenticity_token"=>"cdwujsTrUxIV5MVoL9zN8UfQ5dkvoN0m+zXMZ6mCc00=", "album"=>{"title"=>"Leapfrog new office"}, "commit"=>"Update Album", "id"=>"1"}
  [1m[35mAlbum Load (0.2ms)[0m  SELECT `albums`.* FROM `albums` WHERE `albums`.`id` = 1 LIMIT 1
  [1m[36m (0.2ms)[0m  [1mBEGIN[0m
  [1m[35m (0.1ms)[0m  COMMIT
Redirected to http://localhost:3000/albums/1
Completed 302 Found in 4ms (ActiveRecord: 0.5ms)


Started GET "/albums/1" for 127.0.0.1 at 2013-08-01 11:28:20 +0545
Processing by AlbumsController#show as HTML
  Parameters: {"id"=>"1"}
  [1m[36mAlbum Load (0.3ms)[0m  [1mSELECT `albums`.* FROM `albums` WHERE `albums`.`id` = 1 LIMIT 1[0m
  Rendered albums/show.html.erb within layouts/application (0.7ms)
Completed 200 OK in 11ms (Views: 7.9ms | ActiveRecord: 0.3ms)


Started GET "/assets/albums.css?body=1" for 127.0.0.1 at 2013-08-01 11:28:20 +0545


Started GET "/assets/scaffolds.css?body=1" for 127.0.0.1 at 2013-08-01 11:28:20 +0545


Started GET "/assets/users.css?body=1" for 127.0.0.1 at 2013-08-01 11:28:20 +0545


Started GET "/assets/jquery.js?body=1" for 127.0.0.1 at 2013-08-01 11:28:20 +0545


Started GET "/assets/jquery_ujs.js?body=1" for 127.0.0.1 at 2013-08-01 11:28:20 +0545


Started GET "/assets/turbolinks.js?body=1" for 127.0.0.1 at 2013-08-01 11:28:20 +0545


Started GET "/assets/albums.js?body=1" for 127.0.0.1 at 2013-08-01 11:28:20 +0545


Started GET "/assets/users.js?body=1" for 127.0.0.1 at 2013-08-01 11:28:20 +0545


Started GET "/assets/application.js?body=1" for 127.0.0.1 at 2013-08-01 11:28:20 +0545


Started GET "/albums" for 127.0.0.1 at 2013-08-01 11:28:22 +0545
Processing by AlbumsController#index as HTML
  [1m[35mAlbum Load (0.3ms)[0m  SELECT `albums`.* FROM `albums`
  Rendered albums/index.html.erb within layouts/application (2.7ms)
Completed 200 OK in 11ms (Views: 9.7ms | ActiveRecord: 0.3ms)
  [1m[36mAlbum Load (0.4ms)[0m  [1mSELECT `albums`.* FROM `albums`[0m
  [1m[35mAlbum Load (0.3ms)[0m  SELECT `albums`.* FROM `albums`
  [1m[36m (0.2ms)[0m  [1mBEGIN[0m
  [1m[35mSQL (0.6ms)[0m  INSERT INTO `albums` (`created_at`, `title`, `updated_at`) VALUES ('2013-08-01 06:07:25', 'Hero Album', '2013-08-01 06:07:25')
  [1m[36m (46.2ms)[0m  [1mCOMMIT[0m
  [1m[35mAlbum Load (0.7ms)[0m  SELECT `albums`.* FROM `albums`


Started GET "/albums" for 127.0.0.1 at 2013-08-01 11:52:49 +0545
Processing by AlbumsController#index as HTML
  [1m[36mAlbum Load (0.2ms)[0m  [1mSELECT `albums`.* FROM `albums`[0m
  Rendered albums/index.html.erb within layouts/application (2.5ms)
Completed 200 OK in 8ms (Views: 7.3ms | ActiveRecord: 0.2ms)


Started GET "/assets/albums.css?body=1" for 127.0.0.1 at 2013-08-01 11:52:49 +0545


Started GET "/assets/turbolinks.js?body=1" for 127.0.0.1 at 2013-08-01 11:52:49 +0545


Started GET "/assets/users.css?body=1" for 127.0.0.1 at 2013-08-01 11:52:49 +0545


Started GET "/assets/scaffolds.css?body=1" for 127.0.0.1 at 2013-08-01 11:52:49 +0545


Started GET "/assets/jquery_ujs.js?body=1" for 127.0.0.1 at 2013-08-01 11:52:49 +0545


Started GET "/assets/jquery.js?body=1" for 127.0.0.1 at 2013-08-01 11:52:49 +0545


Started GET "/assets/albums.js?body=1" for 127.0.0.1 at 2013-08-01 11:52:49 +0545


Started GET "/assets/users.js?body=1" for 127.0.0.1 at 2013-08-01 11:52:49 +0545


Started GET "/assets/application.js?body=1" for 127.0.0.1 at 2013-08-01 11:52:49 +0545


Started DELETE "/albums/2" for 127.0.0.1 at 2013-08-01 11:52:53 +0545
Processing by AlbumsController#destroy as HTML
  Parameters: {"authenticity_token"=>"cdwujsTrUxIV5MVoL9zN8UfQ5dkvoN0m+zXMZ6mCc00=", "id"=>"2"}
  [1m[35mAlbum Load (0.5ms)[0m  SELECT `albums`.* FROM `albums` WHERE `albums`.`id` = 2 LIMIT 1
  [1m[36m (0.1ms)[0m  [1mBEGIN[0m
  [1m[35mSQL (0.3ms)[0m  DELETE FROM `albums` WHERE `albums`.`id` = 2
  [1m[36m (48.0ms)[0m  [1mCOMMIT[0m
Redirected to http://localhost:3000/albums
Completed 302 Found in 54ms (ActiveRecord: 49.0ms)


Started GET "/albums" for 127.0.0.1 at 2013-08-01 11:52:53 +0545
Processing by AlbumsController#index as HTML
  [1m[35mAlbum Load (0.4ms)[0m  SELECT `albums`.* FROM `albums`
  Rendered albums/index.html.erb within layouts/application (2.1ms)
Completed 200 OK in 8ms (Views: 6.8ms | ActiveRecord: 0.4ms)


Started GET "/assets/albums.css?body=1" for 127.0.0.1 at 2013-08-01 11:52:53 +0545


Started GET "/assets/jquery.js?body=1" for 127.0.0.1 at 2013-08-01 11:52:53 +0545


Started GET "/assets/users.css?body=1" for 127.0.0.1 at 2013-08-01 11:52:53 +0545


Started GET "/assets/scaffolds.css?body=1" for 127.0.0.1 at 2013-08-01 11:52:53 +0545


Started GET "/assets/turbolinks.js?body=1" for 127.0.0.1 at 2013-08-01 11:52:53 +0545


Started GET "/assets/jquery_ujs.js?body=1" for 127.0.0.1 at 2013-08-01 11:52:53 +0545


Started GET "/assets/albums.js?body=1" for 127.0.0.1 at 2013-08-01 11:52:53 +0545


Started GET "/assets/users.js?body=1" for 127.0.0.1 at 2013-08-01 11:52:53 +0545


Started GET "/assets/application.js?body=1" for 127.0.0.1 at 2013-08-01 11:52:53 +0545
  [1m[36mAlbum Load (0.3ms)[0m  [1mSELECT `albums`.* FROM `albums`[0m
  [1m[35m (0.2ms)[0m  BEGIN
  [1m[36mSQL (0.3ms)[0m  [1mINSERT INTO `albums` (`created_at`, `title`, `updated_at`) VALUES ('2013-08-01 06:07:58', 'Hero Album', '2013-08-01 06:07:58')[0m
  [1m[35m (58.9ms)[0m  COMMIT
  [1m[36m (0.4ms)[0m  [1mBEGIN[0m
  [1m[35mSQL (0.4ms)[0m  INSERT INTO `albums` (`created_at`, `title`, `updated_at`) VALUES ('2013-08-01 06:08:07', 'Hero Album', '2013-08-01 06:08:07')
  [1m[36m (49.0ms)[0m  [1mCOMMIT[0m


Started GET "/albums" for 127.0.0.1 at 2013-08-01 11:53:10 +0545
Processing by AlbumsController#index as HTML
  [1m[36mAlbum Load (0.5ms)[0m  [1mSELECT `albums`.* FROM `albums`[0m
  Rendered albums/index.html.erb within layouts/application (4.2ms)
Completed 200 OK in 11ms (Views: 9.3ms | ActiveRecord: 0.5ms)


Started GET "/assets/albums.css?body=1" for 127.0.0.1 at 2013-08-01 11:53:11 +0545


Started GET "/assets/users.css?body=1" for 127.0.0.1 at 2013-08-01 11:53:11 +0545


Started GET "/assets/jquery_ujs.js?body=1" for 127.0.0.1 at 2013-08-01 11:53:11 +0545


Started GET "/assets/jquery.js?body=1" for 127.0.0.1 at 2013-08-01 11:53:11 +0545


Started GET "/assets/turbolinks.js?body=1" for 127.0.0.1 at 2013-08-01 11:53:11 +0545


Started GET "/assets/scaffolds.css?body=1" for 127.0.0.1 at 2013-08-01 11:53:11 +0545


Started GET "/assets/albums.js?body=1" for 127.0.0.1 at 2013-08-01 11:53:11 +0545


Started GET "/assets/users.js?body=1" for 127.0.0.1 at 2013-08-01 11:53:11 +0545


Started GET "/assets/application.js?body=1" for 127.0.0.1 at 2013-08-01 11:53:11 +0545
  [1m[36mAlbum Load (0.5ms)[0m  [1mSELECT `albums`.* FROM `albums` WHERE `albums`.`id` = 2 LIMIT 1[0m
  [1m[35mAlbum Load (0.7ms)[0m  SELECT `albums`.* FROM `albums` WHERE `albums`.`id` = 1 LIMIT 1
  [1m[36mAlbum Load (0.3ms)[0m  [1mSELECT `albums`.* FROM `albums` WHERE `albums`.`id` = 1 LIMIT 1[0m
  [1m[35mAlbum Load (0.8ms)[0m  SELECT `albums`.* FROM `albums` WHERE `albums`.`title` = 'Hero Album'
  [1m[36mAlbum Load (0.4ms)[0m  [1mSELECT `albums`.* FROM `albums` WHERE `albums`.`id` = 1 LIMIT 1[0m
  [1m[35m (0.3ms)[0m  BEGIN
  [1m[36mSQL (0.7ms)[0m  [1mDELETE FROM `albums` WHERE `albums`.`id` = 1[0m
  [1m[35m (53.7ms)[0m  COMMIT


Started GET "/albums" for 127.0.0.1 at 2013-08-01 12:04:37 +0545
Processing by AlbumsController#index as HTML
  [1m[35mAlbum Load (0.4ms)[0m  SELECT `albums`.* FROM `albums`
  Rendered albums/index.html.erb within layouts/application (2.3ms)
Completed 200 OK in 6ms (Views: 5.5ms | ActiveRecord: 0.4ms)


Started GET "/assets/albums.css?body=1" for 127.0.0.1 at 2013-08-01 12:04:37 +0545


Started GET "/assets/jquery_ujs.js?body=1" for 127.0.0.1 at 2013-08-01 12:04:37 +0545


Started GET "/assets/jquery.js?body=1" for 127.0.0.1 at 2013-08-01 12:04:37 +0545


Started GET "/assets/users.css?body=1" for 127.0.0.1 at 2013-08-01 12:04:37 +0545


Started GET "/assets/scaffolds.css?body=1" for 127.0.0.1 at 2013-08-01 12:04:37 +0545


Started GET "/assets/turbolinks.js?body=1" for 127.0.0.1 at 2013-08-01 12:04:37 +0545


Started GET "/assets/albums.js?body=1" for 127.0.0.1 at 2013-08-01 12:04:37 +0545


Started GET "/assets/users.js?body=1" for 127.0.0.1 at 2013-08-01 12:04:37 +0545


Started GET "/assets/application.js?body=1" for 127.0.0.1 at 2013-08-01 12:04:37 +0545


Started GET "/" for 127.0.0.1 at 2013-08-02 10:25:02 +0545
  [1m[36mActiveRecord::SchemaMigration Load (0.6ms)[0m  [1mSELECT `schema_migrations`.* FROM `schema_migrations`[0m
Processing by Rails::WelcomeController#index as HTML
  Rendered /home/sauhardad/.rbenv/versions/1.9.3-p194/lib/ruby/gems/1.9.1/gems/railties-4.0.0/lib/rails/templates/rails/welcome/index.html.erb (6.5ms)
Completed 200 OK in 112ms (Views: 79.8ms | ActiveRecord: 0.0ms)


Started GET "/album" for 127.0.0.1 at 2013-08-02 10:25:07 +0545

ActionController::RoutingError (No route matches [GET] "/album"):
  actionpack (4.0.0) lib/action_dispatch/middleware/debug_exceptions.rb:21:in `call'
  actionpack (4.0.0) lib/action_dispatch/middleware/show_exceptions.rb:30:in `call'
  railties (4.0.0) lib/rails/rack/logger.rb:38:in `call_app'
  railties (4.0.0) lib/rails/rack/logger.rb:21:in `block in call'
  activesupport (4.0.0) lib/active_support/tagged_logging.rb:67:in `block in tagged'
  activesupport (4.0.0) lib/active_support/tagged_logging.rb:25:in `tagged'
  activesupport (4.0.0) lib/active_support/tagged_logging.rb:67:in `tagged'
  railties (4.0.0) lib/rails/rack/logger.rb:21:in `call'
  actionpack (4.0.0) lib/action_dispatch/middleware/request_id.rb:21:in `call'
  rack (1.5.2) lib/rack/methodoverride.rb:21:in `call'
  rack (1.5.2) lib/rack/runtime.rb:17:in `call'
  activesupport (4.0.0) lib/active_support/cache/strategy/local_cache.rb:83:in `call'
  rack (1.5.2) lib/rack/lock.rb:17:in `call'
  actionpack (4.0.0) lib/action_dispatch/middleware/static.rb:64:in `call'
  railties (4.0.0) lib/rails/engine.rb:511:in `call'
  railties (4.0.0) lib/rails/application.rb:97:in `call'
  rack (1.5.2) lib/rack/lock.rb:17:in `call'
  rack (1.5.2) lib/rack/content_length.rb:14:in `call'
  rack (1.5.2) lib/rack/handler/webrick.rb:60:in `service'
  /home/sauhardad/.rbenv/versions/1.9.3-p194/lib/ruby/1.9.1/webrick/httpserver.rb:138:in `service'
  /home/sauhardad/.rbenv/versions/1.9.3-p194/lib/ruby/1.9.1/webrick/httpserver.rb:94:in `run'
  /home/sauhardad/.rbenv/versions/1.9.3-p194/lib/ruby/1.9.1/webrick/server.rb:191:in `block in start_thread'


  Rendered /home/sauhardad/.rbenv/versions/1.9.3-p194/lib/ruby/gems/1.9.1/gems/actionpack-4.0.0/lib/action_dispatch/middleware/templates/rescues/_trace.erb (3.2ms)
  Rendered /home/sauhardad/.rbenv/versions/1.9.3-p194/lib/ruby/gems/1.9.1/gems/actionpack-4.0.0/lib/action_dispatch/middleware/templates/routes/_route.html.erb (1.5ms)
  Rendered /home/sauhardad/.rbenv/versions/1.9.3-p194/lib/ruby/gems/1.9.1/gems/actionpack-4.0.0/lib/action_dispatch/middleware/templates/routes/_table.html.erb (51.2ms)
  Rendered /home/sauhardad/.rbenv/versions/1.9.3-p194/lib/ruby/gems/1.9.1/gems/actionpack-4.0.0/lib/action_dispatch/middleware/templates/rescues/routing_error.erb within rescues/layout (158.3ms)


Started GET "/albums" for 127.0.0.1 at 2013-08-02 10:25:10 +0545
Processing by AlbumsController#index as HTML
  [1m[35mAlbum Load (0.4ms)[0m  SELECT `albums`.* FROM `albums`
  Rendered albums/index.html.erb within layouts/application (17.9ms)
Completed 200 OK in 420ms (Views: 415.5ms | ActiveRecord: 2.1ms)


Started GET "/assets/application.css?body=1" for 127.0.0.1 at 2013-08-02 10:25:10 +0545


Started GET "/assets/albums.css?body=1" for 127.0.0.1 at 2013-08-02 10:25:10 +0545


Started GET "/assets/turbolinks.js?body=1" for 127.0.0.1 at 2013-08-02 10:25:10 +0545


Started GET "/assets/jquery_ujs.js?body=1" for 127.0.0.1 at 2013-08-02 10:25:10 +0545


Started GET "/assets/jquery.js?body=1" for 127.0.0.1 at 2013-08-02 10:25:10 +0545


Started GET "/assets/users.css?body=1" for 127.0.0.1 at 2013-08-02 10:25:10 +0545


Started GET "/assets/scaffolds.css?body=1" for 127.0.0.1 at 2013-08-02 10:25:10 +0545


Started GET "/assets/albums.js?body=1" for 127.0.0.1 at 2013-08-02 10:25:10 +0545


Started GET "/assets/users.js?body=1" for 127.0.0.1 at 2013-08-02 10:25:10 +0545


Started GET "/assets/application.js?body=1" for 127.0.0.1 at 2013-08-02 10:25:10 +0545


Started GET "/" for 127.0.0.1 at 2013-08-02 10:43:21 +0545
Processing by AlbumsController#index as HTML
  [1m[36mAlbum Load (0.2ms)[0m  [1mSELECT `albums`.* FROM `albums`[0m
  Rendered albums/index.html.erb within layouts/application (39.1ms)
Completed 200 OK in 53ms (Views: 48.2ms | ActiveRecord: 1.7ms)


Started GET "/assets/application.css?body=1" for 127.0.0.1 at 2013-08-02 10:43:22 +0545


Started GET "/assets/albums.css?body=1" for 127.0.0.1 at 2013-08-02 10:43:22 +0545


Started GET "/assets/scaffolds.css?body=1" for 127.0.0.1 at 2013-08-02 10:43:22 +0545


Started GET "/assets/jquery.js?body=1" for 127.0.0.1 at 2013-08-02 10:43:22 +0545


Started GET "/assets/users.css?body=1" for 127.0.0.1 at 2013-08-02 10:43:22 +0545


Started GET "/assets/jquery_ujs.js?body=1" for 127.0.0.1 at 2013-08-02 10:43:22 +0545


Started GET "/assets/turbolinks.js?body=1" for 127.0.0.1 at 2013-08-02 10:43:22 +0545


Started GET "/assets/albums.js?body=1" for 127.0.0.1 at 2013-08-02 10:43:22 +0545


Started GET "/assets/users.js?body=1" for 127.0.0.1 at 2013-08-02 10:43:22 +0545


Started GET "/assets/application.js?body=1" for 127.0.0.1 at 2013-08-02 10:43:22 +0545
